c:\users\stanley\documents\udacity_flyingcar\project3\fcnd-controls-cpp\project\x64\debug\vc143.pdb
c:\users\stanley\documents\udacity_flyingcar\project3\fcnd-controls-cpp\project\x64\debug\vc143.idb
c:\users\stanley\documents\udacity_flyingcar\project3\fcnd-controls-cpp\project\x64\debug\simpleconfig.obj
c:\users\stanley\documents\udacity_flyingcar\project3\fcnd-controls-cpp\project\x64\debug\camera.obj
c:\users\stanley\documents\udacity_flyingcar\project3\fcnd-controls-cpp\project\x64\debug\trajectory.obj
c:\users\stanley\documents\udacity_flyingcar\project3\fcnd-controls-cpp\project\x64\debug\simulator.obj
c:\users\stanley\documents\udacity_flyingcar\project3\fcnd-controls-cpp\project\x64\debug\quaddynamics.obj
c:\users\stanley\documents\udacity_flyingcar\project3\fcnd-controls-cpp\project\x64\debug\basedynamics.obj
c:\users\stanley\documents\udacity_flyingcar\project3\fcnd-controls-cpp\project\x64\debug\quadcontrol.obj
c:\users\stanley\documents\udacity_flyingcar\project3\fcnd-controls-cpp\project\x64\debug\practicalsocket.obj
c:\users\stanley\documents\udacity_flyingcar\project3\fcnd-controls-cpp\project\x64\debug\mavlinktranslation.obj
c:\users\stanley\documents\udacity_flyingcar\project3\fcnd-controls-cpp\project\x64\debug\mavlinknode.obj
c:\users\stanley\documents\udacity_flyingcar\project3\fcnd-controls-cpp\project\x64\debug\random.obj
c:\users\stanley\documents\udacity_flyingcar\project3\fcnd-controls-cpp\project\x64\debug\geometry.obj
c:\users\stanley\documents\udacity_flyingcar\project3\fcnd-controls-cpp\project\x64\debug\main.obj
c:\users\stanley\documents\udacity_flyingcar\project3\fcnd-controls-cpp\project\x64\debug\visualizer_glut.obj
c:\users\stanley\documents\udacity_flyingcar\project3\fcnd-controls-cpp\project\x64\debug\graphmanager.obj
c:\users\stanley\documents\udacity_flyingcar\project3\fcnd-controls-cpp\project\x64\debug\graph.obj
c:\users\stanley\documents\udacity_flyingcar\project3\fcnd-controls-cpp\project\x64\debug\glutmenu.obj
c:\users\stanley\documents\udacity_flyingcar\project3\fcnd-controls-cpp\project\x64\debug\drawingfuncs.obj
c:\users\stanley\documents\udacity_flyingcar\project3\fcnd-controls-cpp\project\x64\debug\colorutils.obj
c:\users\stanley\documents\udacity_flyingcar\project3\fcnd-controls-cpp\project\x64\debug\basecontroller.obj
c:\users\stanley\documents\udacity_flyingcar\project3\fcnd-controls-cpp\project\x64\debug\timer.obj
c:\users\stanley\documents\udacity_flyingcar\project3_assignment\fcnd-controls-cpp\project\x64\debug\vc143.pdb
c:\users\stanley\documents\udacity_flyingcar\project3_assignment\fcnd-controls-cpp\project\x64\debug\vc143.idb
c:\users\stanley\documents\udacity_flyingcar\project3_assignment\fcnd-controls-cpp\project\x64\debug\simpleconfig.obj
c:\users\stanley\documents\udacity_flyingcar\project3_assignment\fcnd-controls-cpp\project\x64\debug\camera.obj
c:\users\stanley\documents\udacity_flyingcar\project3_assignment\fcnd-controls-cpp\project\x64\debug\trajectory.obj
c:\users\stanley\documents\udacity_flyingcar\project3_assignment\fcnd-controls-cpp\project\x64\debug\simulator.obj
c:\users\stanley\documents\udacity_flyingcar\project3_assignment\fcnd-controls-cpp\project\x64\debug\quaddynamics.obj
c:\users\stanley\documents\udacity_flyingcar\project3_assignment\fcnd-controls-cpp\project\x64\debug\basedynamics.obj
c:\users\stanley\documents\udacity_flyingcar\project3_assignment\fcnd-controls-cpp\project\x64\debug\quadcontrol.obj
c:\users\stanley\documents\udacity_flyingcar\project3_assignment\fcnd-controls-cpp\project\x64\debug\practicalsocket.obj
c:\users\stanley\documents\udacity_flyingcar\project3_assignment\fcnd-controls-cpp\project\x64\debug\mavlinktranslation.obj
c:\users\stanley\documents\udacity_flyingcar\project3_assignment\fcnd-controls-cpp\project\x64\debug\mavlinknode.obj
c:\users\stanley\documents\udacity_flyingcar\project3_assignment\fcnd-controls-cpp\project\x64\debug\random.obj
c:\users\stanley\documents\udacity_flyingcar\project3_assignment\fcnd-controls-cpp\project\x64\debug\geometry.obj
c:\users\stanley\documents\udacity_flyingcar\project3_assignment\fcnd-controls-cpp\project\x64\debug\main.obj
c:\users\stanley\documents\udacity_flyingcar\project3_assignment\fcnd-controls-cpp\project\x64\debug\visualizer_glut.obj
c:\users\stanley\documents\udacity_flyingcar\project3_assignment\fcnd-controls-cpp\project\x64\debug\graphmanager.obj
c:\users\stanley\documents\udacity_flyingcar\project3_assignment\fcnd-controls-cpp\project\x64\debug\graph.obj
c:\users\stanley\documents\udacity_flyingcar\project3_assignment\fcnd-controls-cpp\project\x64\debug\glutmenu.obj
c:\users\stanley\documents\udacity_flyingcar\project3_assignment\fcnd-controls-cpp\project\x64\debug\drawingfuncs.obj
c:\users\stanley\documents\udacity_flyingcar\project3_assignment\fcnd-controls-cpp\project\x64\debug\colorutils.obj
c:\users\stanley\documents\udacity_flyingcar\project3_assignment\fcnd-controls-cpp\project\x64\debug\basecontroller.obj
c:\users\stanley\documents\udacity_flyingcar\project3_assignment\fcnd-controls-cpp\project\x64\debug\timer.obj
c:\users\stanley\documents\udacity_flyingcar\project3\fcnd-controls-cpp\project\x64\debug\simulator.ilk
c:\users\stanley\documents\udacity_flyingcar\project3\fcnd-controls-cpp\project\x64\debug\simulator.exe
c:\users\stanley\documents\udacity_flyingcar\project3\fcnd-controls-cpp\project\x64\debug\simulator.pdb
c:\users\stanley\documents\udacity_flyingcar\project3_assignment\fcnd-controls-cpp\project\x64\debug\simulator.exe
c:\users\stanley\documents\udacity_flyingcar\project3_assignment\fcnd-controls-cpp\project\x64\debug\simulator.ilk
c:\users\stanley\documents\udacity_flyingcar\project3_assignment\fcnd-controls-cpp\project\x64\debug\simulator.pdb
c:\users\stanley\documents\github\fcnd-controls-cpp\project\x64\debug\basecontroller.obj
c:\users\stanley\documents\github\fcnd-controls-cpp\project\x64\debug\basedynamics.obj
c:\users\stanley\documents\github\fcnd-controls-cpp\project\x64\debug\camera.obj
c:\users\stanley\documents\github\fcnd-controls-cpp\project\x64\debug\colorutils.obj
c:\users\stanley\documents\github\fcnd-controls-cpp\project\x64\debug\drawingfuncs.obj
c:\users\stanley\documents\github\fcnd-controls-cpp\project\x64\debug\geometry.obj
c:\users\stanley\documents\github\fcnd-controls-cpp\project\x64\debug\glutmenu.obj
c:\users\stanley\documents\github\fcnd-controls-cpp\project\x64\debug\graph.obj
c:\users\stanley\documents\github\fcnd-controls-cpp\project\x64\debug\graphmanager.obj
c:\users\stanley\documents\github\fcnd-controls-cpp\project\x64\debug\main.obj
c:\users\stanley\documents\github\fcnd-controls-cpp\project\x64\debug\mavlinknode.obj
c:\users\stanley\documents\github\fcnd-controls-cpp\project\x64\debug\mavlinktranslation.obj
c:\users\stanley\documents\github\fcnd-controls-cpp\project\x64\debug\practicalsocket.obj
c:\users\stanley\documents\github\fcnd-controls-cpp\project\x64\debug\quadcontrol.obj
c:\users\stanley\documents\github\fcnd-controls-cpp\project\x64\debug\quaddynamics.obj
c:\users\stanley\documents\github\fcnd-controls-cpp\project\x64\debug\random.obj
c:\users\stanley\documents\github\fcnd-controls-cpp\project\x64\debug\simpleconfig.obj
c:\users\stanley\documents\github\fcnd-controls-cpp\project\x64\debug\simulator.obj
c:\users\stanley\documents\github\fcnd-controls-cpp\project\x64\debug\timer.obj
c:\users\stanley\documents\github\fcnd-controls-cpp\project\x64\debug\trajectory.obj
c:\users\stanley\documents\github\fcnd-controls-cpp\project\x64\debug\visualizer_glut.obj
c:\users\stanley\documents\github\fcnd-controls-cpp\project\x64\debug\simulator.ilk
c:\users\stanley\documents\github\fcnd-controls-cpp\project\x64\debug\vc143.idb
c:\users\stanley\documents\github\fcnd-controls-cpp\project\x64\debug\simulator.pdb
c:\users\stanley\documents\github\fcnd-controls-cpp\project\x64\debug\vc143.pdb
c:\users\stanley\documents\github\fcnd-controls-cpp\project\x64\debug\simulator.exe
c:\users\stanley\documents\github\fcnd-controls-cpp\project\x64\debug\simulator.tlog\cl.command.1.tlog
c:\users\stanley\documents\github\fcnd-controls-cpp\project\x64\debug\simulator.tlog\cl.read.1.tlog
c:\users\stanley\documents\github\fcnd-controls-cpp\project\x64\debug\simulator.tlog\cl.write.1.tlog
c:\users\stanley\documents\github\fcnd-controls-cpp\project\x64\debug\simulator.tlog\link.command.1.tlog
c:\users\stanley\documents\github\fcnd-controls-cpp\project\x64\debug\simulator.tlog\link.read.1.tlog
c:\users\stanley\documents\github\fcnd-controls-cpp\project\x64\debug\simulator.tlog\link.write.1.tlog
